<?xml version="1.0" encoding="UTF-8"?>
<!-- Generated by org.testng.reporters.JUnitReportReporter -->
<testsuite hostname="LAPTOP-8B3PK758" name="com.api.testScripts.AddDataTest" tests="1" failures="0" timestamp="31 Jan 2020 12:32:52 GMT" time="4.207" errors="0">
  <testcase name="addDataTest" time="4.207" classname="com.api.testScripts.AddDataTest"/>
</testsuite> <!-- com.api.testScripts.AddDataTest -->
