<?xml version="1.0" encoding="UTF-8"?>
<!-- Generated by org.testng.reporters.JUnitReportReporter -->
<testsuite hostname="LAPTOP-8B3PK758" name="com.api.testScripts.FetchUserIdTest" tests="1" failures="0" timestamp="31 Jan 2020 12:32:52 GMT" time="2.907" errors="0">
  <testcase name="fetchUserIdTest" time="2.907" classname="com.api.testScripts.FetchUserIdTest"/>
</testsuite> <!-- com.api.testScripts.FetchUserIdTest -->
